2023-06-27T17:14:53.751+0800	[31mERROR[0m	usersvr/main.go:85	userSvr run err:注销失败
2023-06-27T18:30:00.224+0800	[31mERROR[0m	usersvr/main.go:85	userSvr run err:注销失败
2023-06-27T18:35:57.204+0800	[31mERROR[0m	usersvr/main.go:85	userSvr run err:注销失败
2023-06-27T20:01:47.548+0800	[31mERROR[0m	usersvr/main.go:85	userSvr run err:注销失败
2023-06-27T20:07:25.687+0800	[31mERROR[0m	usersvr/main.go:85	userSvr run err:注销失败
2023-06-27T20:08:37.108+0800	[31mFATAL[0m	usersvr/main.go:36	listen: error listen tcp :8000: bind: address already in use
2023-06-27T20:12:38.735+0800	[31mERROR[0m	usersvr/main.go:85	userSvr run err:注销失败
2023-06-27T20:39:06.865+0800	[31mERROR[0m	usersvr/main.go:85	userSvr run err:注销失败
2023-06-27T20:59:38.237+0800	[31mERROR[0m	usersvr/main.go:87	UserSvr run err:注销失败
2023-06-27T21:06:56.609+0800	[31mERROR[0m	usersvr/main.go:87	UserSvr run err:注销失败
2023-06-27T21:16:56.503+0800	[31mERROR[0m	usersvr/main.go:87	UserSvr run err:注销失败
2023-06-27T21:37:43.425+0800	[31mERROR[0m	usersvr/main.go:87	UserSvr run err:注销失败
2023-06-27T21:40:36.380+0800	[31mERROR[0m	usersvr/main.go:87	UserSvr run err:注销失败
2023-06-27T21:54:59.478+0800	[31mERROR[0m	usersvr/main.go:87	UserSvr run err:注销失败
2023-06-28T14:58:59.225+0800	[31mERROR[0m	repository/user.go:21	UserNameIsExist err%!(EXTRA <nil>)
2023-06-28T14:58:59.226+0800	[31mERROR[0m	service/user.go:121	UserNameIsExist errzhugeqing
2023-06-28T14:59:22.833+0800	[31mERROR[0m	repository/user.go:21	UserNameIsExist err%!(EXTRA <nil>)
2023-06-28T14:59:22.833+0800	[31mERROR[0m	service/user.go:121	UserNameIsExist errzhugeqing
2023-06-28T14:59:57.097+0800	[31mERROR[0m	service/user.go:121	UserNameIsExist errzhugeqing
2023-06-28T15:03:58.756+0800	[31mFATAL[0m	usersvr/main.go:37	listen: error listen tcp :8000: bind: address already in use
2023-06-28T15:04:56.017+0800	[31mFATAL[0m	usersvr/main.go:37	listen: error listen tcp :8000: bind: address already in use
2023-06-28T15:31:50.477+0800	[31mERROR[0m	repository/user.go:22	UserNameIsExist is <nil>
2023-06-28T15:32:41.097+0800	[31mERROR[0m	repository/user.go:22	UserNameIsExist is Error 1054 (42S22): Unknown column 't_user.user_id' in 'order clause'
2023-06-28T15:32:41.097+0800	[31mERROR[0m	service/user.go:123	UserNameIsExist err Error 1054 (42S22): Unknown column 't_user.user_id' in 'order clause'
2023-06-28T15:33:27.820+0800	[31mERROR[0m	repository/user.go:22	UserNameIsExist is record not found
