2023-06-27T18:05:51.091+0800	[34mINFO[0m	gatewaysvr/main.go:16	log init success...
2023-06-27T18:24:10.572+0800	[34mINFO[0m	gatewaysvr/main.go:16	log init success...
2023-06-27T18:26:20.231+0800	[34mINFO[0m	gatewaysvr/main.go:16	log init success...
2023-06-27T18:26:23.333+0800	[34mINFO[0m	controller/userController.go:43	zhugeqing123456
2023-06-27T18:27:46.808+0800	[34mINFO[0m	controller/userController.go:43	
2023-06-27T18:29:30.194+0800	[34mINFO[0m	gatewaysvr/main.go:16	log init success...
2023-06-27T18:30:19.209+0800	[34mINFO[0m	gatewaysvr/main.go:16	log init success...
2023-06-27T18:30:23.350+0800	[34mINFO[0m	controller/userController.go:44	username=,password=

2023-06-27T20:42:45.456+0800	[34mINFO[0m	controller/userController.go:44	username=zhugeqing,password=123456

2023-06-27T20:42:48.977+0800	[34mINFO[0m	controller/userController.go:44	username=zhugeqing,password=123456

2023-06-28T14:23:33.530+0800	[34mINFO[0m	gatewaysvr/main.go:16	log init success...
2023-06-28T14:23:37.527+0800	[34mINFO[0m	controller/userController.go:44	username=zhugeqing,password=123456

2023-06-28T14:29:25.951+0800	[34mINFO[0m	gatewaysvr/main.go:16	log init success...
2023-06-28T14:29:35.123+0800	[34mINFO[0m	controller/userController.go:44	username=zhugeqing,password=123456

2023-06-28T14:29:35.123+0800	[34mINFO[0m	utils/utils.go:26	NewSvrConn success
2023-06-28T14:34:41.074+0800	[34mINFO[0m	controller/userController.go:44	username=zhugeqing,password=123456

2023-06-28T14:34:41.074+0800	[34mINFO[0m	utils/utils.go:26	NewSvrConn success
2023-06-28T14:34:42.141+0800	[34mINFO[0m	controller/userController.go:44	username=zhugeqing,password=123456

2023-06-28T14:34:42.142+0800	[34mINFO[0m	utils/utils.go:26	NewSvrConn success
2023-06-28T14:42:44.763+0800	[34mINFO[0m	gatewaysvr/main.go:16	log init success...
2023-06-28T14:42:48.194+0800	[34mINFO[0m	controller/userController.go:43	zhugeqing123456
2023-06-28T14:42:48.194+0800	[34mINFO[0m	utils/utils.go:28	NewSvrConn success
2023-06-28T14:45:18.542+0800	[34mINFO[0m	gatewaysvr/main.go:16	log init success...
2023-06-28T14:45:56.846+0800	[34mINFO[0m	controller/userController.go:43	zhugeqing123456
2023-06-28T14:45:56.847+0800	[34mINFO[0m	utils/utils.go:28	NewSvrConn success
2023-06-28T14:45:58.191+0800	[34mINFO[0m	controller/userController.go:43	zhugeqing123456
2023-06-28T14:45:58.192+0800	[34mINFO[0m	utils/utils.go:28	NewSvrConn success
2023-06-28T14:46:23.424+0800	[34mINFO[0m	controller/userController.go:43	zhugeqing123456
2023-06-28T14:46:23.424+0800	[34mINFO[0m	utils/utils.go:28	NewSvrConn success
2023-06-28T14:46:25.060+0800	[34mINFO[0m	controller/userController.go:43	zhugeqing123456
2023-06-28T14:46:25.060+0800	[34mINFO[0m	utils/utils.go:28	NewSvrConn success
2023-06-28T14:46:25.508+0800	[34mINFO[0m	controller/userController.go:43	zhugeqing123456
2023-06-28T14:46:25.508+0800	[34mINFO[0m	utils/utils.go:28	NewSvrConn success
2023-06-28T14:46:26.180+0800	[34mINFO[0m	controller/userController.go:43	zhugeqing123456
2023-06-28T14:46:26.180+0800	[34mINFO[0m	utils/utils.go:28	NewSvrConn success
2023-06-28T14:46:27.292+0800	[34mINFO[0m	controller/userController.go:43	zhugeqing123456
2023-06-28T14:46:27.292+0800	[34mINFO[0m	utils/utils.go:28	NewSvrConn success
2023-06-28T14:47:21.984+0800	[34mINFO[0m	controller/userController.go:43	zhugeqing123456
2023-06-28T14:47:21.984+0800	[34mINFO[0m	utils/utils.go:28	NewSvrConn success
2023-06-28T14:52:14.563+0800	[34mINFO[0m	gatewaysvr/main.go:16	log init success...
2023-06-28T14:52:58.978+0800	[34mINFO[0m	controller/userController.go:43	zhugeqing123456
2023-06-28T14:52:58.979+0800	[34mINFO[0m	utils/utils.go:28	NewSvrConn success
2023-06-28T14:58:58.811+0800	[34mINFO[0m	controller/userController.go:43	zhugeqing123456
2023-06-28T14:58:58.812+0800	[34mINFO[0m	utils/utils.go:28	NewSvrConn success
2023-06-28T14:59:22.602+0800	[34mINFO[0m	controller/userController.go:43	zhugeqing123456
2023-06-28T14:59:22.603+0800	[34mINFO[0m	utils/utils.go:28	NewSvrConn success
2023-06-28T14:59:56.670+0800	[34mINFO[0m	controller/userController.go:43	zhugeqing123456
2023-06-28T14:59:56.670+0800	[34mINFO[0m	utils/utils.go:28	NewSvrConn success
2023-06-28T15:06:11.896+0800	[34mINFO[0m	gatewaysvr/main.go:16	log init success...
2023-06-28T15:06:13.787+0800	[34mINFO[0m	controller/userController.go:43	zhugeqing123456
2023-06-28T15:06:13.787+0800	[34mINFO[0m	utils/utils.go:28	NewSvrConn success
2023-06-28T15:06:14.657+0800	[35mDEBUG[0m	response/response.go:49	cant set StatusMsg
2023-06-28T15:06:14.657+0800	[35mDEBUG[0m	response/response.go:55	cant set StatusMsg
2023-06-28T15:06:24.424+0800	[34mINFO[0m	controller/userController.go:43	zhugeqing123456
2023-06-28T15:06:24.424+0800	[34mINFO[0m	utils/utils.go:28	NewSvrConn success
2023-06-28T15:06:25.006+0800	[35mDEBUG[0m	response/response.go:49	cant set StatusMsg
2023-06-28T15:06:25.006+0800	[35mDEBUG[0m	response/response.go:55	cant set StatusMsg
2023-06-28T15:12:39.838+0800	[34mINFO[0m	controller/userController.go:43	zhugeqing123456
2023-06-28T15:12:39.840+0800	[34mINFO[0m	utils/utils.go:28	NewSvrConn success
2023-06-28T15:12:40.629+0800	[35mDEBUG[0m	response/response.go:49	cant set StatusMsg
2023-06-28T15:12:40.629+0800	[35mDEBUG[0m	response/response.go:55	cant set StatusMsg
2023-06-28T15:12:46.785+0800	[34mINFO[0m	controller/userController.go:43	zhugeqing123456
2023-06-28T15:12:46.785+0800	[34mINFO[0m	utils/utils.go:28	NewSvrConn success
2023-06-28T15:12:47.353+0800	[35mDEBUG[0m	response/response.go:49	cant set StatusMsg
2023-06-28T15:12:47.353+0800	[35mDEBUG[0m	response/response.go:55	cant set StatusMsg
2023-06-28T15:12:48.581+0800	[34mINFO[0m	controller/userController.go:43	zhugeqing123456
2023-06-28T15:12:48.581+0800	[34mINFO[0m	utils/utils.go:28	NewSvrConn success
2023-06-28T15:12:49.147+0800	[35mDEBUG[0m	response/response.go:49	cant set StatusMsg
2023-06-28T15:12:49.147+0800	[35mDEBUG[0m	response/response.go:55	cant set StatusMsg
2023-06-28T15:13:49.230+0800	[34mINFO[0m	controller/userController.go:43	zhugeqing123456
2023-06-28T15:13:49.231+0800	[34mINFO[0m	utils/utils.go:28	NewSvrConn success
2023-06-28T15:13:50.046+0800	[35mDEBUG[0m	response/response.go:49	cant set StatusMsg
2023-06-28T15:13:50.046+0800	[35mDEBUG[0m	response/response.go:55	cant set StatusMsg
2023-06-28T15:14:00.022+0800	[34mINFO[0m	controller/userController.go:43	zhugeqing123456
2023-06-28T15:14:00.022+0800	[34mINFO[0m	utils/utils.go:28	NewSvrConn success
2023-06-28T15:14:00.639+0800	[35mDEBUG[0m	response/response.go:49	cant set StatusMsg
2023-06-28T15:14:00.639+0800	[35mDEBUG[0m	response/response.go:55	cant set StatusMsg
2023-06-28T15:14:01.763+0800	[34mINFO[0m	controller/userController.go:43	zhugeqing123456
2023-06-28T15:14:01.764+0800	[34mINFO[0m	utils/utils.go:28	NewSvrConn success
2023-06-28T15:14:02.332+0800	[35mDEBUG[0m	response/response.go:49	cant set StatusMsg
2023-06-28T15:14:02.332+0800	[35mDEBUG[0m	response/response.go:55	cant set StatusMsg
2023-06-28T15:19:53.523+0800	[34mINFO[0m	controller/userController.go:43	zhugeqing123456
2023-06-28T15:19:53.523+0800	[34mINFO[0m	utils/utils.go:28	NewSvrConn success
2023-06-28T15:23:27.337+0800	[34mINFO[0m	controller/userController.go:43	zhugeqing123456
2023-06-28T15:23:27.338+0800	[34mINFO[0m	utils/utils.go:28	NewSvrConn success
2023-06-28T15:24:34.233+0800	[34mINFO[0m	controller/userController.go:43	zhugeqing123456
2023-06-28T15:24:34.233+0800	[34mINFO[0m	utils/utils.go:28	NewSvrConn success
2023-06-28T15:26:33.024+0800	[34mINFO[0m	controller/userController.go:43	zhugeqing123456
2023-06-28T15:26:33.024+0800	[34mINFO[0m	utils/utils.go:28	NewSvrConn success
2023-06-28T15:28:25.909+0800	[34mINFO[0m	controller/userController.go:43	zhugeqing123456
2023-06-28T15:28:25.910+0800	[34mINFO[0m	utils/utils.go:28	NewSvrConn success
2023-06-28T15:31:50.068+0800	[34mINFO[0m	controller/userController.go:43	zhugeqing123456
2023-06-28T15:31:50.068+0800	[34mINFO[0m	utils/utils.go:28	NewSvrConn success
2023-06-28T15:32:40.725+0800	[34mINFO[0m	controller/userController.go:43	zhugeqing123456
2023-06-28T15:32:40.725+0800	[34mINFO[0m	utils/utils.go:28	NewSvrConn success
2023-06-28T15:33:27.386+0800	[34mINFO[0m	controller/userController.go:43	zhugeqing123456
2023-06-28T15:33:27.386+0800	[34mINFO[0m	utils/utils.go:28	NewSvrConn success
2023-06-28T15:33:28.168+0800	[35mDEBUG[0m	response/response.go:49	cant set StatusMsg
2023-06-28T15:33:28.169+0800	[35mDEBUG[0m	response/response.go:55	cant set StatusMsg
2023-06-28T15:39:06.898+0800	[34mINFO[0m	utils/utils.go:28	NewSvrConn success
2023-06-28T15:39:07.178+0800	[35mDEBUG[0m	response/response.go:49	cant set StatusMsg
2023-06-28T15:39:07.179+0800	[35mDEBUG[0m	response/response.go:55	cant set StatusMsg
